
Windows IP Configuration

   Host Name . . . . . . . . . . . . : LAPTOP-VI0PE9HU
   Primary Dns Suffix  . . . . . . . : 
   Node Type . . . . . . . . . . . . : Hybrid
   IP Routing Enabled. . . . . . . . : No
   WINS Proxy Enabled. . . . . . . . : No
   DNS Suffix Search List. . . . . . : Dlink

Wireless LAN adapter Local Area Connection* 4:

   Media State . . . . . . . . . . . : Media disconnected
   Connection-specific DNS Suffix  . : 
   Description . . . . . . . . . . . : Microsoft Wi-Fi Direct Virtual Adapter #4
   Physical Address. . . . . . . . . : 5E-87-9C-22-8A-B2
   DHCP Enabled. . . . . . . . . . . : Yes
   Autoconfiguration Enabled . . . . : Yes

Ethernet adapter VMware Network Adapter VMnet1:

   Connection-specific DNS Suffix  . : 
   Description . . . . . . . . . . . : VMware Virtual Ethernet Adapter for VMnet1
   Physical Address. . . . . . . . . : 00-50-56-C0-00-01
   DHCP Enabled. . . . . . . . . . . : No
   Autoconfiguration Enabled . . . . : Yes
   Link-local IPv6 Address . . . . . : fe80::ed99:7b8e:2679:699e%11(Preferred) 
   IPv4 Address. . . . . . . . . . . : 192.168.132.1(Preferred) 
   Subnet Mask . . . . . . . . . . . : 255.255.255.0
   Default Gateway . . . . . . . . . : 
   DHCPv6 IAID . . . . . . . . . . . : 184569942
   DHCPv6 Client DUID. . . . . . . . : 00-01-00-01-25-62-94-37-5C-87-9C-22-8A-B2
   DNS Servers . . . . . . . . . . . : fec0:0:0:ffff::1%1
                                       fec0:0:0:ffff::2%1
                                       fec0:0:0:ffff::3%1
   NetBIOS over Tcpip. . . . . . . . : Enabled

Ethernet adapter VMware Network Adapter VMnet8:

   Connection-specific DNS Suffix  . : 
   Description . . . . . . . . . . . : VMware Virtual Ethernet Adapter for VMnet8
   Physical Address. . . . . . . . . : 00-50-56-C0-00-08
   DHCP Enabled. . . . . . . . . . . : No
   Autoconfiguration Enabled . . . . : Yes
   Link-local IPv6 Address . . . . . : fe80::f518:f08d:c63b:66b5%17(Preferred) 
   IPv4 Address. . . . . . . . . . . : 192.168.61.1(Preferred) 
   Subnet Mask . . . . . . . . . . . : 255.255.255.0
   Default Gateway . . . . . . . . . : 
   DHCPv6 IAID . . . . . . . . . . . : 285233238
   DHCPv6 Client DUID. . . . . . . . : 00-01-00-01-25-62-94-37-5C-87-9C-22-8A-B2
   DNS Servers . . . . . . . . . . . : fec0:0:0:ffff::1%1
                                       fec0:0:0:ffff::2%1
                                       fec0:0:0:ffff::3%1
   NetBIOS over Tcpip. . . . . . . . : Enabled

Wireless LAN adapter Wi-Fi:

   Connection-specific DNS Suffix  . : Dlink
   Description . . . . . . . . . . . : Intel(R) Wireless-AC 9560 160MHz
   Physical Address. . . . . . . . . : 5C-87-9C-22-8A-B2
   DHCP Enabled. . . . . . . . . . . : Yes
   Autoconfiguration Enabled . . . . : Yes
   IPv6 Address. . . . . . . . . . . : fd01::b9ca:4100:1343:45a1(Preferred) 
   Temporary IPv6 Address. . . . . . : fd01::791c:d72f:fd39:be51(Preferred) 
   Link-local IPv6 Address . . . . . : fe80::b9ca:4100:1343:45a1%8(Preferred) 
   IPv4 Address. . . . . . . . . . . : 192.168.0.26(Preferred) 
   Subnet Mask . . . . . . . . . . . : 255.255.255.0
   Lease Obtained. . . . . . . . . . : 26 August 2020 15:19:00
   Lease Expires . . . . . . . . . . : 29 August 2020 12:32:30
   Default Gateway . . . . . . . . . : fe80::a2ab:1bff:fe27:c35c%8
                                       192.168.0.1
   DHCP Server . . . . . . . . . . . : 192.168.0.1
   DHCPv6 IAID . . . . . . . . . . . : 89950108
   DHCPv6 Client DUID. . . . . . . . : 00-01-00-01-25-62-94-37-5C-87-9C-22-8A-B2
   DNS Servers . . . . . . . . . . . : fe80::a2ab:1bff:fe27:c35c%8
                                       192.168.0.1
   NetBIOS over Tcpip. . . . . . . . : Enabled

Ethernet adapter Bluetooth Network Connection:

   Media State . . . . . . . . . . . : Media disconnected
   Connection-specific DNS Suffix  . : 
   Description . . . . . . . . . . . : Bluetooth Device (Personal Area Network)
   Physical Address. . . . . . . . . : 5C-87-9C-22-8A-B6
   DHCP Enabled. . . . . . . . . . . : Yes
   Autoconfiguration Enabled . . . . : Yes
