Domain Name: spit.ac.in
Registry Domain ID: D2241401-IN
Registrar WHOIS Server:
Registrar URL: http://www.ernet.in
Updated Date: 2020-05-18T09:51:15Z
Creation Date: 2006-05-22T04:58:23Z
Registry Expiry Date: 2025-05-22T04:58:23Z
Registrar: ERNET India
Registrar IANA ID: 800068
Registrar Abuse Contact Email:
Registrar Abuse Contact Phone:
Domain Status: ok http://www.icann.org/epp#OK
Registry Registrant ID:
Registrant Name:
Registrant Organization: Bharatiya Vidya Bhavans Sardar Patel Institute of Technology Mumbai
Registrant Street:
Registrant Street:
Registrant Street:
Registrant City:
Registrant State/Province:
Registrant Postal Code:
Registrant Country: IN
Registrant Phone:
Registrant Phone Ext:
Registrant Fax:
Registrant Fax Ext:
Registrant Email: Please contact the Registrar listed above
Registry Admin ID:
Admin Name:
Admin Organization:
Admin Street:
Admin Street:
Admin Street:
Admin City:
Admin State/Province:
Admin Postal Code:
Admin Country:
Admin Phone:
Admin Phone Ext:
Admin Fax:
Admin Fax Ext:
Admin Email: Please contact the Registrar listed above
Registry Tech ID:
Tech Name:
Tech Organization:
Tech Street:
Tech Street:
Tech Street:
Tech City:
Tech State/Province:
Tech Postal Code:
Tech Country:
Tech Phone:
Tech Phone Ext:
Tech Fax:
Tech Fax Ext:
Tech Email: Please contact the Registrar listed above
Name Server: ns2.spit.ac.in
Name Server: ns1.spit.ac.in
DNSSEC: unsigned
URL of the ICANN Whois Inaccuracy Complaint Form: https://www.icann.org/wicf/
>>> Last update of WHOIS database: 2020-08-28T08:39:14Z <<<

For more information on Whois status codes, please visit https://icann.org/epp

Access to .IN WHOIS information is provided to assist persons in determining the contents of a domain name registration record in the .IN registry database. The data in this record is provided by .IN Registry for informational purposes only ,and .IN does not guarantee its accuracy.  This service is intended only for query-based access. You agree that you will use this data only for lawful purposes and that, under no circumstances will you use this data to (a) allow, enable, or otherwise support the transmission by e-mail, telephone, or facsimile of mass unsolicited, commercial advertising or solicitations to entities other than the data recipient's own existing customers; or (b) enable high volume, automated, electronic processes that send queries or data to the systems of Registry Operator or a Registrar, or Neustar except as reasonably necessary to register domain names or modify existing registrations. All rights reserved. .IN reserves the right to modify these terms at any time. By submitting this query, you agree to abide by this policy.
